<?xml version="1.0" encoding="UTF-8" ?>
<testsuite tests="6" failures="0" name="ru.mralexeimk.cnn.models.MatrixExtractorTest" time="0.019" errors="0" skipped="0">
  <properties>
[...]
</properties>
  <testcase classname="ru.mralexeimk.cnn.models.MatrixExtractorTest" name="testConvolutionOperation" time="0.01"/>
  <testcase classname="ru.mralexeimk.cnn.models.MatrixExtractorTest" name="testSumOperation" time="0"/>
  <testcase classname="ru.mralexeimk.cnn.models.MatrixExtractorTest" name="testInverseOperation" time="0"/>
  <testcase classname="ru.mralexeimk.cnn.models.MatrixExtractorTest" name="testTransposeOperation" time="0.009"/>
  <testcase classname="ru.mralexeimk.cnn.models.MatrixExtractorTest" name="testPaddingExpandOperation" time="0"/>
  <testcase classname="ru.mralexeimk.cnn.models.MatrixExtractorTest" name="testMultiplyOperation" time="0"/>
</testsuite>